build/app/intermediates/manifest_merge_blame_file/debug/processDebugMainManifest/manifest-merger-blame-debug-report.txt
1<?xml version="1.0" encoding="utf-8"?>
2<manifest xmlns:android="http://schemas.android.com/apk/res/android"
3    package="com.example.bende_var_mobile_app_test"
4    android:versionCode="1"
5    android:versionName="1.0.0" >
6
7    <uses-sdk
8        android:minSdkVersion="23"
9        android:targetSdkVersion="35" />
10    <!--
11         The INTERNET permission is required for development. Specifically,
12         the Flutter tool needs it to communicate with the running application
13         to allow setting breakpoints, to provide hot reload, etc.
14    -->
15    <uses-permission android:name="android.permission.INTERNET" />
15-->src/main/AndroidManifest.xml:3:5-66
15-->src/main/AndroidManifest.xml:3:22-64
16    <!--
17     Required to query activities that can process text, see:
18         https://developer.android.com/training/package-visibility and
19         https://developer.android.com/reference/android/content/Intent#ACTION_PROCESS_TEXT.
20
21         In particular, this is used by the Flutter engine in io.flutter.plugin.text.ProcessTextPlugin.
22    -->
23    <queries>
23-->src/main/AndroidManifest.xml:42:5-47:15
24        <intent>
24-->src/main/AndroidManifest.xml:43:9-46:18
25            <action android:name="android.intent.action.PROCESS_TEXT" />
25-->src/main/AndroidManifest.xml:44:13-72
25-->src/main/AndroidManifest.xml:44:21-70
26
27            <data android:mimeType="text/plain" />
27-->src/main/AndroidManifest.xml:45:13-50
27-->src/main/AndroidManifest.xml:45:19-48
28        </intent>
29    </queries>
30
31    <uses-feature android:name="android.hardware.camera.any" />
31-->[:camera_android_camerax] AndroidManifest.xml:7:5-64
31-->[:camera_android_camerax] AndroidManifest.xml:7:19-61
32
33    <uses-permission android:name="android.permission.CAMERA" />
33-->[:camera_android_camerax] AndroidManifest.xml:9:5-65
33-->[:camera_android_camerax] AndroidManifest.xml:9:22-62
34    <uses-permission android:name="android.permission.RECORD_AUDIO" />
34-->[:camera_android_camerax] AndroidManifest.xml:10:5-71
34-->[:camera_android_camerax] AndroidManifest.xml:10:22-68
35    <uses-permission
35-->[:camera_android_camerax] AndroidManifest.xml:11:5-13:38
36        android:name="android.permission.WRITE_EXTERNAL_STORAGE"
36-->[:camera_android_camerax] AndroidManifest.xml:12:9-65
37        android:maxSdkVersion="28" />
37-->[:camera_android_camerax] AndroidManifest.xml:13:9-35
38    <uses-permission android:name="android.permission.READ_EXTERNAL_STORAGE" />
39    <uses-permission android:name="android.permission.ACCESS_NETWORK_STATE" />
39-->[com.google.firebase:firebase-auth:23.2.0] AndroidManifest.xml:26:5-79
39-->[com.google.firebase:firebase-auth:23.2.0] AndroidManifest.xml:26:22-76
40    <uses-permission android:name="com.google.android.providers.gsf.permission.READ_GSERVICES" />
40-->[com.google.android.recaptcha:recaptcha:18.6.1] AndroidManifest.xml:9:5-98
40-->[com.google.android.recaptcha:recaptcha:18.6.1] AndroidManifest.xml:9:22-95
41
42    <permission
42-->[androidx.core:core:1.13.1] AndroidManifest.xml:22:5-24:47
43        android:name="com.example.bende_var_mobile_app_test.DYNAMIC_RECEIVER_NOT_EXPORTED_PERMISSION"
43-->[androidx.core:core:1.13.1] AndroidManifest.xml:23:9-81
44        android:protectionLevel="signature" />
44-->[androidx.core:core:1.13.1] AndroidManifest.xml:24:9-44
45
46    <uses-permission android:name="com.example.bende_var_mobile_app_test.DYNAMIC_RECEIVER_NOT_EXPORTED_PERMISSION" />
46-->[androidx.core:core:1.13.1] AndroidManifest.xml:26:5-97
46-->[androidx.core:core:1.13.1] AndroidManifest.xml:26:22-94
47
48    <application
49        android:name="android.app.Application"
50        android:appComponentFactory="androidx.core.app.CoreComponentFactory"
50-->[androidx.core:core:1.13.1] AndroidManifest.xml:28:18-86
51        android:debuggable="true"
52        android:extractNativeLibs="false"
53        android:icon="@mipmap/launcher_icon"
54        android:label="bende_var_mobile_app_test" >
55        <activity
56            android:name="com.example.bende_var_mobile_app_test.MainActivity"
57            android:configChanges="orientation|keyboardHidden|keyboard|screenSize|smallestScreenSize|locale|layoutDirection|fontScale|screenLayout|density|uiMode"
58            android:exported="true"
59            android:hardwareAccelerated="true"
60            android:launchMode="singleTop"
61            android:taskAffinity=""
62            android:theme="@style/LaunchTheme"
63            android:windowSoftInputMode="adjustResize" >
64
65            <!--
66                 Specifies an Android theme to apply to this Activity as soon as
67                 the Android process has started. This theme is visible to the user
68                 while the Flutter UI initializes. After that, this theme continues
69                 to determine the Window background behind the Flutter UI.
70            -->
71            <meta-data
72                android:name="io.flutter.embedding.android.NormalTheme"
73                android:resource="@style/NormalTheme" />
74
75            <intent-filter>
76                <action android:name="android.intent.action.MAIN" />
77
78                <category android:name="android.intent.category.LAUNCHER" />
79            </intent-filter>
80        </activity>
81        <!--
82             Don't delete the meta-data below.
83             This is used by the Flutter tool to generate GeneratedPluginRegistrant.java
84        -->
85        <meta-data
86            android:name="flutterEmbedding"
87            android:value="2" />
88
89        <service
89-->[androidx.camera:camera-camera2:1.5.0-beta01] AndroidManifest.xml:24:9-33:19
90            android:name="androidx.camera.core.impl.MetadataHolderService"
90-->[androidx.camera:camera-camera2:1.5.0-beta01] AndroidManifest.xml:25:13-75
91            android:enabled="false"
91-->[androidx.camera:camera-camera2:1.5.0-beta01] AndroidManifest.xml:26:13-36
92            android:exported="false" >
92-->[androidx.camera:camera-camera2:1.5.0-beta01] AndroidManifest.xml:27:13-37
93            <meta-data
93-->[androidx.camera:camera-camera2:1.5.0-beta01] AndroidManifest.xml:30:13-32:89
94                android:name="androidx.camera.core.impl.MetadataHolderService.DEFAULT_CONFIG_PROVIDER"
94-->[androidx.camera:camera-camera2:1.5.0-beta01] AndroidManifest.xml:31:17-103
95                android:value="androidx.camera.camera2.Camera2Config$DefaultProvider" />
95-->[androidx.camera:camera-camera2:1.5.0-beta01] AndroidManifest.xml:32:17-86
96        </service>
97
98        <provider
98-->[:image_picker_android] AndroidManifest.xml:9:9-17:20
99            android:name="io.flutter.plugins.imagepicker.ImagePickerFileProvider"
99-->[:image_picker_android] AndroidManifest.xml:10:13-82
100            android:authorities="com.example.bende_var_mobile_app_test.flutter.image_provider"
100-->[:image_picker_android] AndroidManifest.xml:11:13-74
101            android:exported="false"
101-->[:image_picker_android] AndroidManifest.xml:12:13-37
102            android:grantUriPermissions="true" >
102-->[:image_picker_android] AndroidManifest.xml:13:13-47
103            <meta-data
103-->[:image_picker_android] AndroidManifest.xml:14:13-16:75
104                android:name="android.support.FILE_PROVIDER_PATHS"
104-->[:image_picker_android] AndroidManifest.xml:15:17-67
105                android:resource="@xml/flutter_image_picker_file_paths" />
105-->[:image_picker_android] AndroidManifest.xml:16:17-72
106        </provider> <!-- Trigger Google Play services to install the backported photo picker module. -->
107        <service
107-->[:image_picker_android] AndroidManifest.xml:19:9-31:19
108            android:name="com.google.android.gms.metadata.ModuleDependencies"
108-->[:image_picker_android] AndroidManifest.xml:20:13-78
109            android:enabled="false"
109-->[:image_picker_android] AndroidManifest.xml:21:13-36
110            android:exported="false" >
110-->[:image_picker_android] AndroidManifest.xml:22:13-37
111            <intent-filter>
111-->[:image_picker_android] AndroidManifest.xml:24:13-26:29
112                <action android:name="com.google.android.gms.metadata.MODULE_DEPENDENCIES" />
112-->[:image_picker_android] AndroidManifest.xml:25:17-94
112-->[:image_picker_android] AndroidManifest.xml:25:25-91
113            </intent-filter>
114
115            <meta-data
115-->[:image_picker_android] AndroidManifest.xml:28:13-30:36
116                android:name="photopicker_activity:0:required"
116-->[:image_picker_android] AndroidManifest.xml:29:17-63
117                android:value="" />
117-->[:image_picker_android] AndroidManifest.xml:30:17-33
118        </service>
119        <service
119-->[:cloud_firestore] AndroidManifest.xml:8:9-12:19
120            android:name="com.google.firebase.components.ComponentDiscoveryService"
120-->[:cloud_firestore] AndroidManifest.xml:8:18-89
121            android:directBootAware="true"
121-->[com.google.firebase:firebase-common:21.0.0] AndroidManifest.xml:32:13-43
122            android:exported="false" >
122-->[com.google.firebase:firebase-auth:23.2.0] AndroidManifest.xml:68:13-37
123            <meta-data
123-->[:cloud_firestore] AndroidManifest.xml:9:13-11:85
124                android:name="com.google.firebase.components:io.flutter.plugins.firebase.firestore.FlutterFirebaseFirestoreRegistrar"
124-->[:cloud_firestore] AndroidManifest.xml:10:17-134
125                android:value="com.google.firebase.components.ComponentRegistrar" />
125-->[:cloud_firestore] AndroidManifest.xml:11:17-82
126            <meta-data
126-->[:firebase_auth] AndroidManifest.xml:9:13-11:85
127                android:name="com.google.firebase.components:io.flutter.plugins.firebase.auth.FlutterFirebaseAuthRegistrar"
127-->[:firebase_auth] AndroidManifest.xml:10:17-124
128                android:value="com.google.firebase.components.ComponentRegistrar" />
128-->[:firebase_auth] AndroidManifest.xml:11:17-82
129            <meta-data
129-->[:firebase_storage] AndroidManifest.xml:9:13-11:85
130                android:name="com.google.firebase.components:io.flutter.plugins.firebase.storage.FlutterFirebaseAppRegistrar"
130-->[:firebase_storage] AndroidManifest.xml:10:17-126
131                android:value="com.google.firebase.components.ComponentRegistrar" />
131-->[:firebase_storage] AndroidManifest.xml:11:17-82
132            <meta-data
132-->[:firebase_core] AndroidManifest.xml:9:13-11:85
133                android:name="com.google.firebase.components:io.flutter.plugins.firebase.core.FlutterFirebaseCoreRegistrar"
133-->[:firebase_core] AndroidManifest.xml:10:17-124
134                android:value="com.google.firebase.components.ComponentRegistrar" />
134-->[:firebase_core] AndroidManifest.xml:11:17-82
135            <meta-data
135-->[com.google.firebase:firebase-auth:23.2.0] AndroidManifest.xml:69:13-71:85
136                android:name="com.google.firebase.components:com.google.firebase.auth.FirebaseAuthRegistrar"
136-->[com.google.firebase:firebase-auth:23.2.0] AndroidManifest.xml:70:17-109
137                android:value="com.google.firebase.components.ComponentRegistrar" />
137-->[com.google.firebase:firebase-auth:23.2.0] AndroidManifest.xml:71:17-82
138            <meta-data
138-->[com.google.firebase:firebase-firestore:25.1.3] AndroidManifest.xml:17:13-19:85
139                android:name="com.google.firebase.components:com.google.firebase.firestore.FirebaseFirestoreKtxRegistrar"
139-->[com.google.firebase:firebase-firestore:25.1.3] AndroidManifest.xml:18:17-122
140                android:value="com.google.firebase.components.ComponentRegistrar" />
140-->[com.google.firebase:firebase-firestore:25.1.3] AndroidManifest.xml:19:17-82
141            <meta-data
141-->[com.google.firebase:firebase-firestore:25.1.3] AndroidManifest.xml:20:13-22:85
142                android:name="com.google.firebase.components:com.google.firebase.firestore.FirestoreRegistrar"
142-->[com.google.firebase:firebase-firestore:25.1.3] AndroidManifest.xml:21:17-111
143                android:value="com.google.firebase.components.ComponentRegistrar" />
143-->[com.google.firebase:firebase-firestore:25.1.3] AndroidManifest.xml:22:17-82
144            <meta-data
144-->[com.google.firebase:firebase-storage:21.0.1] AndroidManifest.xml:30:13-32:85
145                android:name="com.google.firebase.components:com.google.firebase.storage.FirebaseStorageKtxRegistrar"
145-->[com.google.firebase:firebase-storage:21.0.1] AndroidManifest.xml:31:17-118
146                android:value="com.google.firebase.components.ComponentRegistrar" />
146-->[com.google.firebase:firebase-storage:21.0.1] AndroidManifest.xml:32:17-82
147            <meta-data
147-->[com.google.firebase:firebase-storage:21.0.1] AndroidManifest.xml:33:13-35:85
148                android:name="com.google.firebase.components:com.google.firebase.storage.StorageRegistrar"
148-->[com.google.firebase:firebase-storage:21.0.1] AndroidManifest.xml:34:17-107
149                android:value="com.google.firebase.components.ComponentRegistrar" />
149-->[com.google.firebase:firebase-storage:21.0.1] AndroidManifest.xml:35:17-82
150            <meta-data
150-->[com.google.firebase:firebase-appcheck:18.0.0] AndroidManifest.xml:25:13-27:85
151                android:name="com.google.firebase.components:com.google.firebase.appcheck.FirebaseAppCheckKtxRegistrar"
151-->[com.google.firebase:firebase-appcheck:18.0.0] AndroidManifest.xml:26:17-120
152                android:value="com.google.firebase.components.ComponentRegistrar" />
152-->[com.google.firebase:firebase-appcheck:18.0.0] AndroidManifest.xml:27:17-82
153            <meta-data
153-->[com.google.firebase:firebase-appcheck:18.0.0] AndroidManifest.xml:28:13-30:85
154                android:name="com.google.firebase.components:com.google.firebase.appcheck.FirebaseAppCheckRegistrar"
154-->[com.google.firebase:firebase-appcheck:18.0.0] AndroidManifest.xml:29:17-117
155                android:value="com.google.firebase.components.ComponentRegistrar" />
155-->[com.google.firebase:firebase-appcheck:18.0.0] AndroidManifest.xml:30:17-82
156            <meta-data
156-->[com.google.firebase:firebase-common-ktx:21.0.0] AndroidManifest.xml:12:13-14:85
157                android:name="com.google.firebase.components:com.google.firebase.ktx.FirebaseCommonLegacyRegistrar"
157-->[com.google.firebase:firebase-common-ktx:21.0.0] AndroidManifest.xml:13:17-116
158                android:value="com.google.firebase.components.ComponentRegistrar" />
158-->[com.google.firebase:firebase-common-ktx:21.0.0] AndroidManifest.xml:14:17-82
159            <meta-data
159-->[com.google.firebase:firebase-common:21.0.0] AndroidManifest.xml:35:13-37:85
160                android:name="com.google.firebase.components:com.google.firebase.FirebaseCommonKtxRegistrar"
160-->[com.google.firebase:firebase-common:21.0.0] AndroidManifest.xml:36:17-109
161                android:value="com.google.firebase.components.ComponentRegistrar" />
161-->[com.google.firebase:firebase-common:21.0.0] AndroidManifest.xml:37:17-82
162        </service>
163
164        <activity
164-->[com.google.firebase:firebase-auth:23.2.0] AndroidManifest.xml:29:9-46:20
165            android:name="com.google.firebase.auth.internal.GenericIdpActivity"
165-->[com.google.firebase:firebase-auth:23.2.0] AndroidManifest.xml:30:13-80
166            android:excludeFromRecents="true"
166-->[com.google.firebase:firebase-auth:23.2.0] AndroidManifest.xml:31:13-46
167            android:exported="true"
167-->[com.google.firebase:firebase-auth:23.2.0] AndroidManifest.xml:32:13-36
168            android:launchMode="singleTask"
168-->[com.google.firebase:firebase-auth:23.2.0] AndroidManifest.xml:33:13-44
169            android:theme="@android:style/Theme.Translucent.NoTitleBar" >
169-->[com.google.firebase:firebase-auth:23.2.0] AndroidManifest.xml:34:13-72
170            <intent-filter>
170-->[com.google.firebase:firebase-auth:23.2.0] AndroidManifest.xml:35:13-45:29
171                <action android:name="android.intent.action.VIEW" />
171-->[com.google.firebase:firebase-auth:23.2.0] AndroidManifest.xml:36:17-69
171-->[com.google.firebase:firebase-auth:23.2.0] AndroidManifest.xml:36:25-66
172
173                <category android:name="android.intent.category.DEFAULT" />
173-->[com.google.firebase:firebase-auth:23.2.0] AndroidManifest.xml:38:17-76
173-->[com.google.firebase:firebase-auth:23.2.0] AndroidManifest.xml:38:27-73
174                <category android:name="android.intent.category.BROWSABLE" />
174-->[com.google.firebase:firebase-auth:23.2.0] AndroidManifest.xml:39:17-78
174-->[com.google.firebase:firebase-auth:23.2.0] AndroidManifest.xml:39:27-75
175
176                <data
176-->src/main/AndroidManifest.xml:45:13-50
177                    android:host="firebase.auth"
178                    android:path="/"
179                    android:scheme="genericidp" />
180            </intent-filter>
181        </activity>
182        <activity
182-->[com.google.firebase:firebase-auth:23.2.0] AndroidManifest.xml:47:9-64:20
183            android:name="com.google.firebase.auth.internal.RecaptchaActivity"
183-->[com.google.firebase:firebase-auth:23.2.0] AndroidManifest.xml:48:13-79
184            android:excludeFromRecents="true"
184-->[com.google.firebase:firebase-auth:23.2.0] AndroidManifest.xml:49:13-46
185            android:exported="true"
185-->[com.google.firebase:firebase-auth:23.2.0] AndroidManifest.xml:50:13-36
186            android:launchMode="singleTask"
186-->[com.google.firebase:firebase-auth:23.2.0] AndroidManifest.xml:51:13-44
187            android:theme="@android:style/Theme.Translucent.NoTitleBar" >
187-->[com.google.firebase:firebase-auth:23.2.0] AndroidManifest.xml:52:13-72
188            <intent-filter>
188-->[com.google.firebase:firebase-auth:23.2.0] AndroidManifest.xml:53:13-63:29
189                <action android:name="android.intent.action.VIEW" />
189-->[com.google.firebase:firebase-auth:23.2.0] AndroidManifest.xml:36:17-69
189-->[com.google.firebase:firebase-auth:23.2.0] AndroidManifest.xml:36:25-66
190
191                <category android:name="android.intent.category.DEFAULT" />
191-->[com.google.firebase:firebase-auth:23.2.0] AndroidManifest.xml:38:17-76
191-->[com.google.firebase:firebase-auth:23.2.0] AndroidManifest.xml:38:27-73
192                <category android:name="android.intent.category.BROWSABLE" />
192-->[com.google.firebase:firebase-auth:23.2.0] AndroidManifest.xml:39:17-78
192-->[com.google.firebase:firebase-auth:23.2.0] AndroidManifest.xml:39:27-75
193
194                <data
194-->src/main/AndroidManifest.xml:45:13-50
195                    android:host="firebase.auth"
196                    android:path="/"
197                    android:scheme="recaptcha" />
198            </intent-filter>
199        </activity>
200
201        <provider
201-->[com.google.firebase:firebase-common:21.0.0] AndroidManifest.xml:23:9-28:39
202            android:name="com.google.firebase.provider.FirebaseInitProvider"
202-->[com.google.firebase:firebase-common:21.0.0] AndroidManifest.xml:24:13-77
203            android:authorities="com.example.bende_var_mobile_app_test.firebaseinitprovider"
203-->[com.google.firebase:firebase-common:21.0.0] AndroidManifest.xml:25:13-72
204            android:directBootAware="true"
204-->[com.google.firebase:firebase-common:21.0.0] AndroidManifest.xml:26:13-43
205            android:exported="false"
205-->[com.google.firebase:firebase-common:21.0.0] AndroidManifest.xml:27:13-37
206            android:initOrder="100" />
206-->[com.google.firebase:firebase-common:21.0.0] AndroidManifest.xml:28:13-36
207
208        <service
208-->[androidx.credentials:credentials-play-services-auth:1.2.0-rc01] AndroidManifest.xml:24:9-32:19
209            android:name="androidx.credentials.playservices.CredentialProviderMetadataHolder"
209-->[androidx.credentials:credentials-play-services-auth:1.2.0-rc01] AndroidManifest.xml:25:13-94
210            android:enabled="true"
210-->[androidx.credentials:credentials-play-services-auth:1.2.0-rc01] AndroidManifest.xml:26:13-35
211            android:exported="false" >
211-->[androidx.credentials:credentials-play-services-auth:1.2.0-rc01] AndroidManifest.xml:27:13-37
212            <meta-data
212-->[androidx.credentials:credentials-play-services-auth:1.2.0-rc01] AndroidManifest.xml:29:13-31:104
213                android:name="androidx.credentials.CREDENTIAL_PROVIDER_KEY"
213-->[androidx.credentials:credentials-play-services-auth:1.2.0-rc01] AndroidManifest.xml:30:17-76
214                android:value="androidx.credentials.playservices.CredentialProviderPlayServicesImpl" />
214-->[androidx.credentials:credentials-play-services-auth:1.2.0-rc01] AndroidManifest.xml:31:17-101
215        </service>
216
217        <activity
217-->[androidx.credentials:credentials-play-services-auth:1.2.0-rc01] AndroidManifest.xml:34:9-41:20
218            android:name="androidx.credentials.playservices.HiddenActivity"
218-->[androidx.credentials:credentials-play-services-auth:1.2.0-rc01] AndroidManifest.xml:35:13-76
219            android:configChanges="orientation|screenSize|screenLayout|keyboardHidden"
219-->[androidx.credentials:credentials-play-services-auth:1.2.0-rc01] AndroidManifest.xml:36:13-87
220            android:enabled="true"
220-->[androidx.credentials:credentials-play-services-auth:1.2.0-rc01] AndroidManifest.xml:37:13-35
221            android:exported="false"
221-->[androidx.credentials:credentials-play-services-auth:1.2.0-rc01] AndroidManifest.xml:38:13-37
222            android:fitsSystemWindows="true"
222-->[androidx.credentials:credentials-play-services-auth:1.2.0-rc01] AndroidManifest.xml:39:13-45
223            android:theme="@style/Theme.Hidden" >
223-->[androidx.credentials:credentials-play-services-auth:1.2.0-rc01] AndroidManifest.xml:40:13-48
224        </activity>
225        <activity
225-->[com.google.android.gms:play-services-auth:20.7.0] AndroidManifest.xml:23:9-27:75
226            android:name="com.google.android.gms.auth.api.signin.internal.SignInHubActivity"
226-->[com.google.android.gms:play-services-auth:20.7.0] AndroidManifest.xml:24:13-93
227            android:excludeFromRecents="true"
227-->[com.google.android.gms:play-services-auth:20.7.0] AndroidManifest.xml:25:13-46
228            android:exported="false"
228-->[com.google.android.gms:play-services-auth:20.7.0] AndroidManifest.xml:26:13-37
229            android:theme="@android:style/Theme.Translucent.NoTitleBar" />
229-->[com.google.android.gms:play-services-auth:20.7.0] AndroidManifest.xml:27:13-72
230        <!--
231            Service handling Google Sign-In user revocation. For apps that do not integrate with
232            Google Sign-In, this service will never be started.
233        -->
234        <service
234-->[com.google.android.gms:play-services-auth:20.7.0] AndroidManifest.xml:33:9-37:51
235            android:name="com.google.android.gms.auth.api.signin.RevocationBoundService"
235-->[com.google.android.gms:play-services-auth:20.7.0] AndroidManifest.xml:34:13-89
236            android:exported="true"
236-->[com.google.android.gms:play-services-auth:20.7.0] AndroidManifest.xml:35:13-36
237            android:permission="com.google.android.gms.auth.api.signin.permission.REVOCATION_NOTIFICATION"
237-->[com.google.android.gms:play-services-auth:20.7.0] AndroidManifest.xml:36:13-107
238            android:visibleToInstantApps="true" />
238-->[com.google.android.gms:play-services-auth:20.7.0] AndroidManifest.xml:37:13-48
239
240        <activity
240-->[com.google.android.gms:play-services-base:18.1.0] AndroidManifest.xml:20:9-22:45
241            android:name="com.google.android.gms.common.api.GoogleApiActivity"
241-->[com.google.android.gms:play-services-base:18.1.0] AndroidManifest.xml:20:19-85
242            android:exported="false"
242-->[com.google.android.gms:play-services-base:18.1.0] AndroidManifest.xml:22:19-43
243            android:theme="@android:style/Theme.Translucent.NoTitleBar" />
243-->[com.google.android.gms:play-services-base:18.1.0] AndroidManifest.xml:21:19-78
244
245        <provider
245-->[androidx.lifecycle:lifecycle-process:2.7.0] AndroidManifest.xml:24:9-32:20
246            android:name="androidx.startup.InitializationProvider"
246-->[androidx.lifecycle:lifecycle-process:2.7.0] AndroidManifest.xml:25:13-67
247            android:authorities="com.example.bende_var_mobile_app_test.androidx-startup"
247-->[androidx.lifecycle:lifecycle-process:2.7.0] AndroidManifest.xml:26:13-68
248            android:exported="false" >
248-->[androidx.lifecycle:lifecycle-process:2.7.0] AndroidManifest.xml:27:13-37
249            <meta-data
249-->[androidx.lifecycle:lifecycle-process:2.7.0] AndroidManifest.xml:29:13-31:52
250                android:name="androidx.lifecycle.ProcessLifecycleInitializer"
250-->[androidx.lifecycle:lifecycle-process:2.7.0] AndroidManifest.xml:30:17-78
251                android:value="androidx.startup" />
251-->[androidx.lifecycle:lifecycle-process:2.7.0] AndroidManifest.xml:31:17-49
252            <meta-data
252-->[androidx.profileinstaller:profileinstaller:1.3.1] AndroidManifest.xml:29:13-31:52
253                android:name="androidx.profileinstaller.ProfileInstallerInitializer"
253-->[androidx.profileinstaller:profileinstaller:1.3.1] AndroidManifest.xml:30:17-85
254                android:value="androidx.startup" />
254-->[androidx.profileinstaller:profileinstaller:1.3.1] AndroidManifest.xml:31:17-49
255        </provider>
256
257        <uses-library
257-->[androidx.window:window:1.2.0] AndroidManifest.xml:23:9-25:40
258            android:name="androidx.window.extensions"
258-->[androidx.window:window:1.2.0] AndroidManifest.xml:24:13-54
259            android:required="false" />
259-->[androidx.window:window:1.2.0] AndroidManifest.xml:25:13-37
260        <uses-library
260-->[androidx.window:window:1.2.0] AndroidManifest.xml:26:9-28:40
261            android:name="androidx.window.sidecar"
261-->[androidx.window:window:1.2.0] AndroidManifest.xml:27:13-51
262            android:required="false" />
262-->[androidx.window:window:1.2.0] AndroidManifest.xml:28:13-37
263
264        <meta-data
264-->[com.google.android.gms:play-services-basement:18.4.0] AndroidManifest.xml:6:9-122
265            android:name="com.google.android.gms.version"
265-->[com.google.android.gms:play-services-basement:18.4.0] AndroidManifest.xml:6:20-65
266            android:value="@integer/google_play_services_version" />
266-->[com.google.android.gms:play-services-basement:18.4.0] AndroidManifest.xml:6:66-119
267
268        <receiver
268-->[androidx.profileinstaller:profileinstaller:1.3.1] AndroidManifest.xml:34:9-52:20
269            android:name="androidx.profileinstaller.ProfileInstallReceiver"
269-->[androidx.profileinstaller:profileinstaller:1.3.1] AndroidManifest.xml:35:13-76
270            android:directBootAware="false"
270-->[androidx.profileinstaller:profileinstaller:1.3.1] AndroidManifest.xml:36:13-44
271            android:enabled="true"
271-->[androidx.profileinstaller:profileinstaller:1.3.1] AndroidManifest.xml:37:13-35
272            android:exported="true"
272-->[androidx.profileinstaller:profileinstaller:1.3.1] AndroidManifest.xml:38:13-36
273            android:permission="android.permission.DUMP" >
273-->[androidx.profileinstaller:profileinstaller:1.3.1] AndroidManifest.xml:39:13-57
274            <intent-filter>
274-->[androidx.profileinstaller:profileinstaller:1.3.1] AndroidManifest.xml:40:13-42:29
275                <action android:name="androidx.profileinstaller.action.INSTALL_PROFILE" />
275-->[androidx.profileinstaller:profileinstaller:1.3.1] AndroidManifest.xml:41:17-91
275-->[androidx.profileinstaller:profileinstaller:1.3.1] AndroidManifest.xml:41:25-88
276            </intent-filter>
277            <intent-filter>
277-->[androidx.profileinstaller:profileinstaller:1.3.1] AndroidManifest.xml:43:13-45:29
278                <action android:name="androidx.profileinstaller.action.SKIP_FILE" />
278-->[androidx.profileinstaller:profileinstaller:1.3.1] AndroidManifest.xml:44:17-85
278-->[androidx.profileinstaller:profileinstaller:1.3.1] AndroidManifest.xml:44:25-82
279            </intent-filter>
280            <intent-filter>
280-->[androidx.profileinstaller:profileinstaller:1.3.1] AndroidManifest.xml:46:13-48:29
281                <action android:name="androidx.profileinstaller.action.SAVE_PROFILE" />
281-->[androidx.profileinstaller:profileinstaller:1.3.1] AndroidManifest.xml:47:17-88
281-->[androidx.profileinstaller:profileinstaller:1.3.1] AndroidManifest.xml:47:25-85
282            </intent-filter>
283            <intent-filter>
283-->[androidx.profileinstaller:profileinstaller:1.3.1] AndroidManifest.xml:49:13-51:29
284                <action android:name="androidx.profileinstaller.action.BENCHMARK_OPERATION" />
284-->[androidx.profileinstaller:profileinstaller:1.3.1] AndroidManifest.xml:50:17-95
284-->[androidx.profileinstaller:profileinstaller:1.3.1] AndroidManifest.xml:50:25-92
285            </intent-filter>
286        </receiver> <!-- The activities will be merged into the manifest of the hosting app. -->
287        <activity
287-->[com.google.android.play:core-common:2.0.3] AndroidManifest.xml:14:9-18:65
288            android:name="com.google.android.play.core.common.PlayCoreDialogWrapperActivity"
288-->[com.google.android.play:core-common:2.0.3] AndroidManifest.xml:15:13-93
289            android:exported="false"
289-->[com.google.android.play:core-common:2.0.3] AndroidManifest.xml:16:13-37
290            android:stateNotNeeded="true"
290-->[com.google.android.play:core-common:2.0.3] AndroidManifest.xml:17:13-42
291            android:theme="@style/Theme.PlayCore.Transparent" />
291-->[com.google.android.play:core-common:2.0.3] AndroidManifest.xml:18:13-62
292    </application>
293
294</manifest>